
29.5.2020, 13:30:07

Operating System
  Name                        = Fedora
  Version                     = 32
  Architecture                = 64bit
  # CPUs                      = 12
  Memory                      = 16382185472

Node.js
  Node.js Version             = 12.16.3
  npm Version                 = 6.14.4

Titanium CLI
  CLI Version                 = 5.2.2

Titanium SDK
  SDK Version                 = 9.0.2.GA
  SDK Path                    = /home/miga/.titanium/mobilesdk/linux/9.0.2.GA
  Target Platform             = android

Command
  /usr/bin/node /home/miga/.appcelerator/install/8.0.0/package/node_modules/titanium/lib/titanium.js build -p android --build-only --config-file /tmp/build-1590751804824.json --log-level info --no-banner --project-dir /home/miga/dev/ti.rangebar/android

[INFO]   Assets Dir: /home/miga/dev/ti.rangebar/assets
[INFO]   Documentation Dir: /home/miga/dev/ti.rangebar/documentation
[INFO]   Example Dir: /home/miga/dev/ti.rangebar/example
[INFO]   Platform Dir: /home/miga/dev/ti.rangebar/android/platform
[INFO]   Resources Dir: /home/miga/dev/ti.rangebar/android/Resources
[INFO]   Generating root project files
[INFO]   Generating gradle project: module
[INFO]   Building module
[INFO]   [GRADLE] 
[INFO]   [GRADLE] > Configure project :module
[INFO]   [GRADLE] Internal API constructor DefaultDomainObjectSet(Class<T>) has been deprecated. This is scheduled to be removed in Gradle 7.0. Please use ObjectFactory.domainObjectSet(Class<T>) instead. See https://docs.gradle.org/6.3/userguide/custom_gradle_types.html#domainobjectset for more details.
[INFO]   [GRADLE] 	at build_etelrd7cfxjx5qtxjn6ein1cr.run(/home/miga/dev/ti.rangebar/android/build/module/build.gradle:2)
[INFO]   [GRADLE] 	(Run with --stacktrace to get the full stack trace of this deprecation warning.)
[INFO]   [GRADLE] 
[INFO]   [GRADLE] > Task :module:preBuild
[INFO]   [GRADLE] > Task :module:preReleaseBuild
[INFO]   [GRADLE] > Task :module:compileReleaseAidl NO-SOURCE
[INFO]   [GRADLE] > Task :module:compileReleaseRenderscript NO-SOURCE
[INFO]   [GRADLE] > Task :module:generateReleaseBuildConfig UP-TO-DATE
[INFO]   [GRADLE] > Task :module:generateReleaseResValues UP-TO-DATE
[INFO]   [GRADLE] > Task :module:generateReleaseResources UP-TO-DATE
[INFO]   [GRADLE] > Task :module:packageReleaseResources UP-TO-DATE
[INFO]   [GRADLE] > Task :module:parseReleaseLocalResources UP-TO-DATE
[INFO]   [GRADLE] > Task :module:processReleaseManifest UP-TO-DATE
[INFO]   [GRADLE] > Task :module:generateReleaseRFile UP-TO-DATE
[INFO]   [GRADLE] > Task :module:kaptGenerateStubsReleaseKotlin
[INFO]   [GRADLE] 
[INFO]   [GRADLE] > Task :module:kaptReleaseKotlin
[INFO]   [GRADLE] w: [kapt] Incremental annotation processing requested, but support is disabled because the following processors are not incremental: org.appcelerator.kroll.annotations.generator.KrollJSONGenerator (NON_INCREMENTAL).
[INFO]   [GRADLE] 
[INFO]   [GRADLE] > Task :module:compileReleaseKotlin
[INFO]   [GRADLE] > Task :module:javaPreCompileRelease UP-TO-DATE
[INFO]   [GRADLE] Querying the mapped value of map(property(interface org.gradle.api.file.Directory, property(interface org.gradle.api.file.Directory, fixed(class org.gradle.api.internal.file.DefaultFilePropertyFactory$FixedDirectory, /home/miga/dev/ti.rangebar/android/build/module/build/generated/ap_generated_sources/release/out)))) before task ':module:compileReleaseJavaWithJavac' has completed has been deprecated. This will fail with an error in Gradle 7.0. Consult the upgrading guide for further information: https://docs.gradle.org/6.3/userguide/upgrading_version_6.html#querying_a_mapped_output_property_of_a_task_before_the_task_has_completed
[INFO]   [GRADLE] 
[INFO]   [GRADLE] > Task :module:compileReleaseJavaWithJavac
[INFO]   [GRADLE] Running Titanium "generate-cpp-files.js" script.
[INFO]   [GRADLE] 
[INFO]   [GRADLE] > Task :module:generateJsonModelRelease UP-TO-DATE
[INFO]   [GRADLE] 
[INFO]   [GRADLE] > Task :module:externalNativeBuildRelease
[INFO]   [GRADLE] Build ti.rangebar_armeabi-v7a
[INFO]   [GRADLE] Android NDK: WARNING:/home/miga/dev/ti.rangebar/android/build/module/src/main/jni/Android.mk:ti.rangebar: non-system libraries in linker flags: -lkroll-v8    
[INFO]   [GRADLE] Android NDK:     This is likely to result in incorrect builds. Try using LOCAL_STATIC_LIBRARIES    
[INFO]   [GRADLE] Android NDK:     or LOCAL_SHARED_LIBRARIES instead to list the library dependencies of the    
[INFO]   [GRADLE] Android NDK:     current module    
[INFO]   [GRADLE] [armeabi-v7a] Compile++ thumb: ti.rangebar <= TiModuleBootstrap.cpp
[INFO]   [GRADLE] [armeabi-v7a] Compile++ thumb: ti.rangebar <= ti.rangebar.RangebarViewProxy.cpp
[INFO]   [GRADLE] [armeabi-v7a] Compile++ thumb: ti.rangebar <= ti.rangebar.TiRangebarModule.cpp
[INFO]   [GRADLE] [armeabi-v7a] Compile++ thumb: ti.rangebar <= ti.seekbar.ExampleProxy.cpp
[INFO]   [GRADLE] [armeabi-v7a] Compile++ thumb: ti.rangebar <= ti.seekbar.RangebarViewProxy.cpp
[INFO]   [GRADLE] [armeabi-v7a] Compile++ thumb: ti.rangebar <= ti.seekbar.TiSeekbarModule.cpp
[INFO]   [GRADLE] [armeabi-v7a] SharedLibrary  : libti.rangebar.so
[INFO]   [GRADLE] Build ti.rangebar_arm64-v8a
[INFO]   [GRADLE] Android NDK: WARNING:/home/miga/dev/ti.rangebar/android/build/module/src/main/jni/Android.mk:ti.rangebar: non-system libraries in linker flags: -lkroll-v8    
[INFO]   [GRADLE] Android NDK:     This is likely to result in incorrect builds. Try using LOCAL_STATIC_LIBRARIES    
[INFO]   [GRADLE] Android NDK:     or LOCAL_SHARED_LIBRARIES instead to list the library dependencies of the    
[INFO]   [GRADLE] Android NDK:     current module    
[INFO]   [GRADLE] [arm64-v8a] Compile++      : ti.rangebar <= TiModuleBootstrap.cpp
[INFO]   [GRADLE] [arm64-v8a] Compile++      : ti.rangebar <= ti.rangebar.RangebarViewProxy.cpp
[INFO]   [GRADLE] [arm64-v8a] Compile++      : ti.rangebar <= ti.rangebar.TiRangebarModule.cpp
[INFO]   [GRADLE] [arm64-v8a] Compile++      : ti.rangebar <= ti.seekbar.ExampleProxy.cpp
[INFO]   [GRADLE] [arm64-v8a] Compile++      : ti.rangebar <= ti.seekbar.RangebarViewProxy.cpp
[INFO]   [GRADLE] [arm64-v8a] Compile++      : ti.rangebar <= ti.seekbar.TiSeekbarModule.cpp
[INFO]   [GRADLE] [arm64-v8a] SharedLibrary  : libti.rangebar.so
[INFO]   [GRADLE] Build ti.rangebar_x86
[INFO]   [GRADLE] Android NDK: WARNING:/home/miga/dev/ti.rangebar/android/build/module/src/main/jni/Android.mk:ti.rangebar: non-system libraries in linker flags: -lkroll-v8    
[INFO]   [GRADLE] Android NDK:     This is likely to result in incorrect builds. Try using LOCAL_STATIC_LIBRARIES    
[INFO]   [GRADLE] Android NDK:     or LOCAL_SHARED_LIBRARIES instead to list the library dependencies of the    
[INFO]   [GRADLE] Android NDK:     current module    
[INFO]   [GRADLE] [x86] Compile++      : ti.rangebar <= TiModuleBootstrap.cpp
[INFO]   [GRADLE] [x86] Compile++      : ti.rangebar <= ti.rangebar.RangebarViewProxy.cpp
[INFO]   [GRADLE] [x86] Compile++      : ti.rangebar <= ti.rangebar.TiRangebarModule.cpp
[INFO]   [GRADLE] [x86] Compile++      : ti.rangebar <= ti.seekbar.ExampleProxy.cpp
[INFO]   [GRADLE] [x86] Compile++      : ti.rangebar <= ti.seekbar.RangebarViewProxy.cpp
[INFO]   [GRADLE] [x86] Compile++      : ti.rangebar <= ti.seekbar.TiSeekbarModule.cpp
[INFO]   [GRADLE] [x86] SharedLibrary  : libti.rangebar.so
[INFO]   [GRADLE] Build ti.rangebar_x86_64
[INFO]   [GRADLE] Android NDK: WARNING:/home/miga/dev/ti.rangebar/android/build/module/src/main/jni/Android.mk:ti.rangebar: non-system libraries in linker flags: -lkroll-v8    
[INFO]   [GRADLE] Android NDK:     This is likely to result in incorrect builds. Try using LOCAL_STATIC_LIBRARIES    
[INFO]   [GRADLE] Android NDK:     or LOCAL_SHARED_LIBRARIES instead to list the library dependencies of the    
[INFO]   [GRADLE] Android NDK:     current module    
[INFO]   [GRADLE] [x86_64] Compile++      : ti.rangebar <= TiModuleBootstrap.cpp
[INFO]   [GRADLE] [x86_64] Compile++      : ti.rangebar <= ti.rangebar.RangebarViewProxy.cpp
[INFO]   [GRADLE] [x86_64] Compile++      : ti.rangebar <= ti.rangebar.TiRangebarModule.cpp
[INFO]   [GRADLE] [x86_64] Compile++      : ti.rangebar <= ti.seekbar.ExampleProxy.cpp
[INFO]   [GRADLE] [x86_64] Compile++      : ti.rangebar <= ti.seekbar.RangebarViewProxy.cpp
[INFO]   [GRADLE] [x86_64] Compile++      : ti.rangebar <= ti.seekbar.TiSeekbarModule.cpp
[INFO]   [GRADLE] [x86_64] SharedLibrary  : libti.rangebar.so
[INFO]   [GRADLE] 
[INFO]   [GRADLE] > Task :module:mergeReleaseJniLibFolders UP-TO-DATE
[INFO]   [GRADLE] > Task :module:mergeReleaseNativeLibs UP-TO-DATE
[INFO]   [GRADLE] > Task :module:stripReleaseDebugSymbols UP-TO-DATE
[INFO]   [GRADLE] > Task :module:copyReleaseJniLibsProjectAndLocalJars UP-TO-DATE
[INFO]   [GRADLE] > Task :module:extractReleaseAnnotations
[INFO]   [GRADLE] > Task :module:mergeReleaseGeneratedProguardFiles UP-TO-DATE
[INFO]   [GRADLE] > Task :module:mergeReleaseConsumerProguardFiles UP-TO-DATE
[INFO]   [GRADLE] > Task :module:mergeReleaseShaders UP-TO-DATE
[INFO]   [GRADLE] > Task :module:compileReleaseShaders UP-TO-DATE
[INFO]   [GRADLE] > Task :module:generateReleaseAssets UP-TO-DATE
[INFO]   [GRADLE] > Task :module:packageReleaseAssets UP-TO-DATE
[INFO]   [GRADLE] > Task :module:packageReleaseRenderscript NO-SOURCE
[INFO]   [GRADLE] > Task :module:prepareLintJarForPublish UP-TO-DATE
[INFO]   [GRADLE] > Task :module:processReleaseJavaRes NO-SOURCE
[INFO]   [GRADLE] > Task :module:mergeReleaseJavaResource UP-TO-DATE
[INFO]   [GRADLE] > Task :module:syncReleaseLibJars
[INFO]   [GRADLE] > Task :module:bundleReleaseAar
[INFO]   [GRADLE] > Task :module:compileReleaseSources
[INFO]   [GRADLE] > Task :module:mergeReleaseResources UP-TO-DATE
[INFO]   [GRADLE] > Task :module:verifyReleaseResources UP-TO-DATE
[INFO]   [GRADLE] > Task :module:assembleRelease
[INFO]   [GRADLE] 
[INFO]   [GRADLE] BUILD SUCCESSFUL in 6s
[INFO]   [GRADLE] 30 actionable tasks: 9 executed, 21 up-to-date
[INFO]   [GRADLE] > Task :module:generatePomFileForTitaniumPublicationPublication
[INFO]   [GRADLE] > Task :module:publishTitaniumPublicationPublicationToMavenRepository
[INFO]   [GRADLE] > Task :module:publish
[INFO]   [GRADLE] 
[INFO]   [GRADLE] Deprecated Gradle features were used in this build, making it incompatible with Gradle 7.0.
[INFO]   [GRADLE] Use '--warning-mode all' to show the individual deprecation warnings.
[INFO]   [GRADLE] See https://docs.gradle.org/6.3/userguide/command_line_interface.html#sec:command_line_warnings
[INFO]   [GRADLE] 
[INFO]   [GRADLE] BUILD SUCCESSFUL in 652ms
[INFO]   [GRADLE] 2 actionable tasks: 2 executed
[INFO]   Packaging the module
[INFO]   Creating module zip
[INFO]   Writing module zip: /home/miga/dev/ti.rangebar/android/dist/ti.rangebar-android-1.0.0.zip
[INFO]   Project built successfully in 9s 105ms
